<?xml version="1.0" encoding="UTF-8"?>
<!-- Generated by org.testng.reporters.JUnitXMLReporter -->
<testsuite ignored="0" hostname="QT-INNO-LT1439" failures="0" tests="3" name="Default test" time="17.982" errors="0" timestamp="2022-02-28T08:19:18 IST">
  <testcase classname="com.test.TestNG" name="google_SearchTest" time="8.655"/>
  <testcase classname="com.test.TestNG" name="ndtv_HomePageTest" time="0.252"/>
  <testcase classname="com.test.TestNG" name="operation_Test" time="4.569"/>
</testsuite> <!-- Default test -->
