<?xml version="1.0" encoding="UTF-8"?>
<!-- Generated by org.testng.reporters.JUnitXMLReporter -->
<testsuite ignored="0" hostname="QT-INNO-LT1439" failures="0" tests="3" name="Default test" time="82.874" errors="0" timestamp="2022-03-02T11:02:42 IST">
  <testcase classname="com.test.TestNG" name="google_SearchTest" time="2.348"/>
  <testcase classname="com.test.TestNG" name="ndtv_HomePageTest" time="6.331"/>
  <testcase classname="com.test.TestNG" name="operation_Test" time="3.779"/>
</testsuite> <!-- Default test -->
